<?xml version="1.0" encoding="UTF-8"?>
<!-- Generated by org.testng.reporters.JUnitReportReporter -->
<testsuite hostname="Shilpa" failures="0" tests="1" name="org.samplelaunch.FacebookLaunch" time="4.226" errors="0" timestamp="19 Dec 2024 13:40:26 GMT" skipped="0">
  <testcase classname="org.samplelaunch.FacebookLaunch" name="launch" time="4.226"/>
</testsuite> <!-- org.samplelaunch.FacebookLaunch -->
